bot-control-android/app/build/outputs/logs/manifest-merger-debug-report.txt
-- Merging decision tree log ---
manifest
ADDED from src/main/AndroidManifest.xml:2:1-29:12
	package
		ADDED from src/main/AndroidManifest.xml:3:5-39
		INJECTED from src/main/AndroidManifest.xml
		INJECTED from src/main/AndroidManifest.xml
	android:versionName
		ADDED from src/main/AndroidManifest.xml:5:5-30
	android:versionCode
		ADDED from src/main/AndroidManifest.xml:4:5-28
		INJECTED from src/main/AndroidManifest.xml
		INJECTED from src/main/AndroidManifest.xml
	xmlns:android
		ADDED from src/main/AndroidManifest.xml:2:11-69
uses-sdk
ADDED from src/main/AndroidManifest.xml:7:5-9:41
	android:targetSdkVersion
		ADDED from src/main/AndroidManifest.xml:9:9-38
		INJECTED from src/main/AndroidManifest.xml
		INJECTED from src/main/AndroidManifest.xml
	android:minSdkVersion
		ADDED from src/main/AndroidManifest.xml:8:9-35
		INJECTED from src/main/AndroidManifest.xml
		INJECTED from src/main/AndroidManifest.xml
uses-permission#android.permission.INTERNET
ADDED from src/main/AndroidManifest.xml:10:5-66
	android:name
		ADDED from src/main/AndroidManifest.xml:10:22-64
application
ADDED from src/main/AndroidManifest.xml:12:5-27:19
	android:label
		ADDED from src/main/AndroidManifest.xml:15:9-41
	android:allowBackup
		ADDED from src/main/AndroidManifest.xml:13:9-35
	android:icon
		ADDED from src/main/AndroidManifest.xml:14:9-45
	android:theme
		ADDED from src/main/AndroidManifest.xml:16:9-40
activity#edu.ncsu.ieee.botcontrol.BotControl
ADDED from src/main/AndroidManifest.xml:17:9-25:20
	android:screenOrientation
		ADDED from src/main/AndroidManifest.xml:19:46-83
	android:label
		ADDED from src/main/AndroidManifest.xml:19:13-45
	android:name
		ADDED from src/main/AndroidManifest.xml:18:13-63
intent-filter#android.intent.action.MAIN+android.intent.category.LAUNCHER
ADDED from src/main/AndroidManifest.xml:20:13-24:29
action#android.intent.action.MAIN
ADDED from src/main/AndroidManifest.xml:21:17-69
	android:name
		ADDED from src/main/AndroidManifest.xml:21:25-66
category#android.intent.category.LAUNCHER
ADDED from src/main/AndroidManifest.xml:23:17-77
	android:name
		ADDED from src/main/AndroidManifest.xml:23:27-74
activity#edu.ncsu.ieee.botcontrol.ZMQTest
ADDED from src/main/AndroidManifest.xml:26:9-92
	android:label
		ADDED from src/main/AndroidManifest.xml:26:19-57
	android:name
		ADDED from src/main/AndroidManifest.xml:26:58-80